<?xml version="1.0" encoding="UTF-8"?>
<testng-results ignored="0" total="5" passed="5" failed="0" skipped="0">
  <reporter-output>
  </reporter-output>
  <suite started-at="2021-10-12T13:42:01 EDT" name="Default suite" finished-at="2021-10-12T13:44:55 EDT" duration-ms="174759">
    <groups>
      <group name="cucumber">
        <method signature="AbstractTestNGCucumberTests.runScenario(io.cucumber.testng.PickleWrapper, io.cucumber.testng.FeatureWrapper)[pri:0, instance:runner.TestRunner@a4102b8]" name="runScenario" class="io.cucumber.testng.AbstractTestNGCucumberTests"/>
      </group> <!-- cucumber -->
    </groups>
    <test started-at="2021-10-12T13:42:01 EDT" name="Default test" finished-at="2021-10-12T13:44:55 EDT" duration-ms="174759">
      <class name="runner.TestRunner">
        <test-method is-config="true" signature="setUpClass()[pri:0, instance:runner.TestRunner@a4102b8]" started-at="2021-10-12T13:42:01 EDT" name="setUpClass" finished-at="2021-10-12T13:42:01 EDT" duration-ms="303" status="PASS">
          <reporter-output>
          </reporter-output>
        </test-method> <!-- setUpClass -->
        <test-method signature="runScenario(io.cucumber.testng.PickleWrapper, io.cucumber.testng.FeatureWrapper)[pri:0, instance:runner.TestRunner@a4102b8]" started-at="2021-10-12T13:42:01 EDT" name="runScenario" description="Runs Cucumber Scenarios" data-provider="scenarios" finished-at="2021-10-12T13:42:28 EDT" duration-ms="27355" status="PASS">
          <params>
            <param index="0">
              <value>
                <![CDATA["create and delete project"]]>
              </value>
            </param>
            <param index="1">
              <value>
                <![CDATA["Optional[I want to be able create a project and delete it]"]]>
              </value>
            </param>
          </params>
          <reporter-output>
          </reporter-output>
        </test-method> <!-- runScenario -->
        <test-method signature="runScenario(io.cucumber.testng.PickleWrapper, io.cucumber.testng.FeatureWrapper)[pri:0, instance:runner.TestRunner@a4102b8]" started-at="2021-10-12T13:42:28 EDT" name="runScenario" description="Runs Cucumber Scenarios" data-provider="scenarios" finished-at="2021-10-12T13:42:46 EDT" duration-ms="17358" status="PASS">
          <params>
            <param index="0">
              <value>
                <![CDATA["Verify User is able to login"]]>
              </value>
            </param>
            <param index="1">
              <value>
                <![CDATA["Optional[User Portal Sign Up Page Functionalities Verify that User is able to sign up and logged in.]"]]>
              </value>
            </param>
          </params>
          <reporter-output>
          </reporter-output>
        </test-method> <!-- runScenario -->
        <test-method signature="runScenario(io.cucumber.testng.PickleWrapper, io.cucumber.testng.FeatureWrapper)[pri:0, instance:runner.TestRunner@a4102b8]" started-at="2021-10-12T13:42:46 EDT" name="runScenario" description="Runs Cucumber Scenarios" data-provider="scenarios" finished-at="2021-10-12T13:43:16 EDT" duration-ms="30113" status="PASS">
          <params>
            <param index="0">
              <value>
                <![CDATA["Share Project"]]>
              </value>
            </param>
            <param index="1">
              <value>
                <![CDATA["Optional[user shares a project to another user]"]]>
              </value>
            </param>
          </params>
          <reporter-output>
          </reporter-output>
        </test-method> <!-- runScenario -->
        <test-method signature="runScenario(io.cucumber.testng.PickleWrapper, io.cucumber.testng.FeatureWrapper)[pri:0, instance:runner.TestRunner@a4102b8]" started-at="2021-10-12T13:43:16 EDT" name="runScenario" description="Runs Cucumber Scenarios" data-provider="scenarios" finished-at="2021-10-12T13:44:17 EDT" duration-ms="60992" status="PASS">
          <params>
            <param index="0">
              <value>
                <![CDATA["Validate user is able to sign up"]]>
              </value>
            </param>
            <param index="1">
              <value>
                <![CDATA["Optional[Sign Up]"]]>
              </value>
            </param>
          </params>
          <reporter-output>
          </reporter-output>
        </test-method> <!-- runScenario -->
        <test-method signature="runScenario(io.cucumber.testng.PickleWrapper, io.cucumber.testng.FeatureWrapper)[pri:0, instance:runner.TestRunner@a4102b8]" started-at="2021-10-12T13:44:17 EDT" name="runScenario" description="Runs Cucumber Scenarios" data-provider="scenarios" finished-at="2021-10-12T13:44:55 EDT" duration-ms="38507" status="PASS">
          <params>
            <param index="0">
              <value>
                <![CDATA["upgrade membership and adding payment method"]]>
              </value>
            </param>
            <param index="1">
              <value>
                <![CDATA["Optional[I want to be able upgrade membership]"]]>
              </value>
            </param>
          </params>
          <reporter-output>
          </reporter-output>
        </test-method> <!-- runScenario -->
        <test-method is-config="true" signature="tearDownClass()[pri:0, instance:runner.TestRunner@a4102b8]" started-at="2021-10-12T13:44:55 EDT" name="tearDownClass" finished-at="2021-10-12T13:44:55 EDT" duration-ms="73" status="PASS">
          <reporter-output>
          </reporter-output>
        </test-method> <!-- tearDownClass -->
      </class> <!-- runner.TestRunner -->
    </test> <!-- Default test -->
  </suite> <!-- Default suite -->
</testng-results>
